2011-10-02 10:16:46,446 [main] INFO  (SimpleThreadPool.java [initialize]:258) - Job execution threads will use class loader of thread: main 
2011-10-02 10:16:46,560 [main] INFO  (SchedulerSignalerImpl.java [<init>]:63) - Initialized Scheduler Signaller of type: class org.quartz.core.SchedulerSignalerImpl 
2011-10-02 10:16:46,561 [main] INFO  (QuartzScheduler.java [<init>]:215) - Quartz Scheduler v.1.6.6 created. 
2011-10-02 10:16:46,579 [main] INFO  (RAMJobStore.java [initialize]:141) - RAMJobStore initialized. 
2011-10-02 10:16:46,580 [main] INFO  (StdSchedulerFactory.java [instantiate]:1235) - Quartz scheduler 'exist_QuartzScheduler' initialized from an externally provided properties instance. 
2011-10-02 10:16:46,580 [main] INFO  (StdSchedulerFactory.java [instantiate]:1239) - Quartz scheduler version: 1.6.6 
2011-10-02 10:16:48,389 [main] INFO  (QuartzScheduler.java [start]:461) - Scheduler exist_QuartzScheduler_$_NON_CLUSTERED started. 
2011-10-02 10:16:48,465 [main] INFO  (QuartzScheduler.java [shutdown]:570) - Scheduler exist_QuartzScheduler_$_NON_CLUSTERED shutting down. 
2011-10-02 10:16:48,465 [main] INFO  (QuartzScheduler.java [standby]:496) - Scheduler exist_QuartzScheduler_$_NON_CLUSTERED paused. 
2011-10-02 10:16:48,466 [main] INFO  (QuartzScheduler.java [shutdown]:621) - Scheduler exist_QuartzScheduler_$_NON_CLUSTERED shutdown complete. 
2011-10-02 10:21:53,497 [main] INFO  (SimpleThreadPool.java [initialize]:258) - Job execution threads will use class loader of thread: main 
2011-10-02 10:21:53,521 [main] INFO  (SchedulerSignalerImpl.java [<init>]:63) - Initialized Scheduler Signaller of type: class org.quartz.core.SchedulerSignalerImpl 
2011-10-02 10:21:53,521 [main] INFO  (QuartzScheduler.java [<init>]:215) - Quartz Scheduler v.1.6.6 created. 
2011-10-02 10:21:53,523 [main] INFO  (RAMJobStore.java [initialize]:141) - RAMJobStore initialized. 
2011-10-02 10:21:53,523 [main] INFO  (StdSchedulerFactory.java [instantiate]:1235) - Quartz scheduler 'exist_QuartzScheduler' initialized from an externally provided properties instance. 
2011-10-02 10:21:53,523 [main] INFO  (StdSchedulerFactory.java [instantiate]:1239) - Quartz scheduler version: 1.6.6 
2011-10-02 10:21:53,976 [main] INFO  (QuartzScheduler.java [start]:461) - Scheduler exist_QuartzScheduler_$_NON_CLUSTERED started. 
2011-10-02 22:54:42,792 [Timer-0] INFO  (QuartzScheduler.java [shutdown]:570) - Scheduler exist_QuartzScheduler_$_NON_CLUSTERED shutting down. 
2011-10-02 22:54:42,792 [Timer-0] INFO  (QuartzScheduler.java [standby]:496) - Scheduler exist_QuartzScheduler_$_NON_CLUSTERED paused. 
2011-10-02 22:54:42,793 [Timer-0] INFO  (QuartzScheduler.java [shutdown]:621) - Scheduler exist_QuartzScheduler_$_NON_CLUSTERED shutdown complete. 
