2011-10-02 10:21:53,141 [main] INFO  (JettyStart.java [run]:90) - Configuring eXist from C:\Program Files (x86)\eXist\conf.xml 
2011-10-02 10:21:53,141 [main] INFO  (JettyStart.java [run]:91) -  
2011-10-02 10:21:53,141 [main] INFO  (JettyStart.java [run]:92) - Running with Java 1.7.0 [Oracle Corporation (Java HotSpot(TM) Client VM) in C:\Program Files (x86)\Java\jdk1.7.0\jre] 
2011-10-02 10:21:53,141 [main] INFO  (JettyStart.java [run]:97) -  
2011-10-02 10:21:53,142 [main] INFO  (JettyStart.java [run]:101) - [eXist Version : 1.4.1] 
2011-10-02 10:21:53,142 [main] INFO  (JettyStart.java [run]:103) - [eXist Build : 20110815] 
2011-10-02 10:21:53,142 [main] INFO  (JettyStart.java [run]:105) - [eXist Home : C:\Program Files (x86)\eXist] 
2011-10-02 10:21:53,142 [main] INFO  (JettyStart.java [run]:107) - [SVN Revision : 15155] 
2011-10-02 10:21:53,143 [main] INFO  (JettyStart.java [run]:115) - [Operating System : Windows 7 6.1 x86] 
2011-10-02 10:21:53,143 [main] INFO  (JettyStart.java [run]:118) - [jetty.home : C:\Program Files (x86)\eXist\tools\jetty] 
2011-10-02 10:21:53,143 [main] INFO  (JettyStart.java [run]:120) - [log4j.configuration : file:/C:/Program%20Files%20(x86)/eXist/log4j.xml] 
2011-10-02 10:21:55,972 [main] INFO  (JettyStart.java [run]:174) - ---------------------------------------------------------------- 
2011-10-02 10:21:55,972 [main] INFO  (JettyStart.java [run]:175) - eXist-db has started on port 8080. Configured contexts: 
2011-10-02 10:21:55,972 [main] INFO  (JettyStart.java [run]:177) - http://localhost:8080/exist 
2011-10-02 10:21:55,972 [main] INFO  (JettyStart.java [run]:179) - ---------------------------------------------------------------- 
2011-10-02 10:24:05,610 [P1-7] DEBUG (LocalXPathQueryService.java [execute]:198) - query took 472 ms. 
2011-10-02 10:24:06,010 [P1-8] DEBUG (LocalCollection.java [storeResource]:647) - storing document existdb_user.xml 
2011-10-02 10:24:06,103 [P1-8] DEBUG (LocalXPathQueryService.java [execute]:198) - query took 965 ms. 
2011-10-02 10:24:06,154 [P1-8] DEBUG (LocalXPathQueryService.java [execute]:198) - query took 50 ms. 
2011-10-02 10:54:15,214 [P1-9] DEBUG (LocalXPathQueryService.java [execute]:198) - query took 305 ms. 
2011-10-02 10:54:20,179 [P1-5] DEBUG (LocalXPathQueryService.java [execute]:198) - query took 78 ms. 
2011-10-02 10:55:19,970 [P1-5] DEBUG (LocalXPathQueryService.java [execute]:198) - query took 17 ms. 
2011-10-02 10:55:26,790 [P1-5] DEBUG (LocalCollection.java [storeResource]:647) - storing document collection.xconf 
2011-10-02 10:55:26,831 [P1-5] DEBUG (LocalCollection.java [storeResource]:647) - storing document hamlet.xml 
2011-10-02 10:55:27,514 [P1-5] DEBUG (LocalCollection.java [storeResource]:647) - storing document macbeth.xml 
2011-10-02 10:55:27,797 [P1-5] DEBUG (LocalCollection.java [storeResource]:647) - storing document r_and_j.xml 
2011-10-02 10:55:28,104 [P1-5] DEBUG (LocalCollection.java [storeResource]:647) - storing document shakes.xsl 
2011-10-02 10:55:28,135 [P1-5] DEBUG (LocalCollection.java [storeResource]:654) - storing binary resource shakes.css 
2011-10-02 10:55:28,151 [P1-5] DEBUG (LocalCollection.java [storeResource]:647) - storing document db2html.xsl 
2011-10-02 10:55:28,182 [P1-5] DEBUG (LocalCollection.java [storeResource]:647) - storing document xmlsource.xsl 
2011-10-02 10:55:28,198 [P1-5] DEBUG (LocalCollection.java [storeResource]:647) - storing document disclaimer.xml 
2011-10-02 10:55:28,198 [P1-5] DEBUG (LocalCollection.java [storeResource]:647) - storing document sidebar.xml 
2011-10-02 10:55:28,213 [P1-5] DEBUG (LocalCollection.java [storeResource]:647) - storing document xinclude.xml 
2011-10-02 10:55:28,229 [P1-5] DEBUG (LocalCollection.java [storeResource]:654) - storing binary resource display-collection.xq 
2011-10-02 10:55:28,229 [P1-5] DEBUG (LocalCollection.java [storeResource]:654) - storing binary resource testvars.xq 
2011-10-02 10:55:28,229 [P1-5] DEBUG (LocalCollection.java [storeResource]:654) - storing binary resource logo.jpg 
2011-10-02 10:55:28,245 [P1-5] DEBUG (LocalCollection.java [storeResource]:654) - storing binary resource default-style.css 
2011-10-02 10:55:28,245 [P1-5] DEBUG (LocalCollection.java [storeResource]:654) - storing binary resource niftyCorners.css 
2011-10-02 10:55:28,260 [P1-5] DEBUG (LocalCollection.java [storeResource]:654) - storing binary resource niftycube.js 
2011-10-02 10:55:28,260 [P1-5] DEBUG (LocalCollection.java [storeResource]:654) - storing binary resource SyntaxHighlighter.css 
2011-10-02 10:55:28,276 [P1-5] DEBUG (LocalCollection.java [storeResource]:654) - storing binary resource sh-min.js 
2011-10-02 10:55:28,291 [P1-5] DEBUG (LocalCollection.java [storeResource]:647) - storing document biblio.rdf 
2011-10-02 10:55:28,354 [P1-5] DEBUG (LocalCollection.java [storeResource]:647) - storing document collection.xconf 
2011-10-02 10:55:28,369 [P1-5] DEBUG (LocalCollection.java [storeResource]:647) - storing document 01c73f2b05650de2e6124d9d113f40be.xml 
2011-10-02 10:55:28,385 [P1-5] DEBUG (LocalCollection.java [storeResource]:647) - storing document 0216b628b9bdafadb3bea01bb004a97e.xml 
2011-10-02 10:55:28,385 [P1-5] DEBUG (LocalCollection.java [storeResource]:647) - storing document 0d016e459e3d11d8b38c17a3076b4f5f.xml 
2011-10-02 10:55:28,385 [P1-5] DEBUG (LocalCollection.java [storeResource]:647) - storing document 15edb0d6a6226904a06a1c722f45c254.xml 
2011-10-02 10:55:28,385 [P1-5] DEBUG (LocalCollection.java [storeResource]:647) - storing document 1bc61942b4cfe0d9c7cbcf01354100ff.xml 
2011-10-02 10:55:28,385 [P1-5] DEBUG (LocalCollection.java [storeResource]:647) - storing document 367d023a407d983c87a6fc69d9bbdedc.xml 
2011-10-02 10:55:28,385 [P1-5] DEBUG (LocalCollection.java [storeResource]:647) - storing document 3ce658042e6e3a11a5d0282c3535f356.xml 
2011-10-02 10:55:28,401 [P1-5] DEBUG (LocalCollection.java [storeResource]:647) - storing document 469523cc93747bf924d8e0b958751b80.xml 
2011-10-02 10:55:28,401 [P1-5] DEBUG (LocalCollection.java [storeResource]:647) - storing document 488781fa2936f68db0019dc5c129c6e0.xml 
2011-10-02 10:55:28,401 [P1-5] DEBUG (LocalCollection.java [storeResource]:647) - storing document 4ddc8d34bfbf1d68831f865a38a7e8e4.xml 
2011-10-02 10:55:28,401 [P1-5] DEBUG (LocalCollection.java [storeResource]:647) - storing document 516ed5d3441f8e7ee8c288943ec02645.xml 
2011-10-02 10:55:28,401 [P1-5] DEBUG (LocalCollection.java [storeResource]:647) - storing document 5226ddd6d6771ced637c765eed7b4f25.xml 
2011-10-02 10:55:28,401 [P1-5] DEBUG (LocalCollection.java [storeResource]:647) - storing document 6a01f5fa08b4a1f6cb6ce183a49a3fb3.xml 
2011-10-02 10:55:28,401 [P1-5] DEBUG (LocalCollection.java [storeResource]:647) - storing document 6d50002e19010956a0c0d7b9de5a1bbf.xml 
2011-10-02 10:55:28,416 [P1-5] DEBUG (LocalCollection.java [storeResource]:647) - storing document 6f8722149f877ed67cf87cc436eed91c.xml 
2011-10-02 10:55:28,416 [P1-5] DEBUG (LocalCollection.java [storeResource]:647) - storing document 97a3be1167805cc60c01ec703c069e7d.xml 
2011-10-02 10:55:28,416 [P1-5] DEBUG (LocalCollection.java [storeResource]:647) - storing document b117894858ceada1366e79c2908f0d3b.xml 
2011-10-02 10:55:28,416 [P1-5] DEBUG (LocalCollection.java [storeResource]:647) - storing document e0612d926ca7eb7ba70d97225540a80b.xml 
2011-10-02 10:55:28,416 [P1-5] DEBUG (LocalCollection.java [storeResource]:647) - storing document exist-articles.xml 
2011-10-02 10:55:28,432 [P1-5] DEBUG (LocalCollection.java [storeResource]:647) - storing document f6c36a2b2920ebe5a7ca4f11b9676dc1.xml 
2011-10-02 10:55:28,432 [P1-5] DEBUG (LocalCollection.java [storeResource]:647) - storing document fafee1880d1bce01d2bd8da45621a2e1.xml 
2011-10-02 10:55:28,432 [P1-5] DEBUG (LocalCollection.java [storeResource]:647) - storing document build.xml 
2011-10-02 10:55:28,447 [P1-5] DEBUG (LocalCollection.java [storeResource]:647) - storing document examples.xml 
2011-10-02 10:55:28,447 [P1-5] DEBUG (LocalCollection.java [storeResource]:647) - storing document mondial.xconf 
2011-10-02 10:55:28,463 [P1-5] DEBUG (LocalCollection.java [storeResource]:647) - storing document acronyms.xconf 
2011-10-02 10:55:28,479 [P1-5] DEBUG (LocalCollection.java [storeResource]:647) - storing document submit-test-report.xml 
2011-10-02 10:55:28,479 [P1-5] DEBUG (LocalCollection.java [storeResource]:647) - storing document test-runner.xml 
2011-10-02 10:55:28,479 [P1-5] DEBUG (LocalCollection.java [storeResource]:647) - storing document test-runner1.xml 
2011-10-02 10:55:28,494 [P1-5] DEBUG (LocalCollection.java [storeResource]:647) - storing document test-runner2.xml 
2011-10-02 10:55:28,494 [P1-5] DEBUG (LocalCollection.java [storeResource]:654) - storing binary resource regression.xql 
2011-10-02 10:55:28,494 [P1-5] DEBUG (LocalCollection.java [storeResource]:654) - storing binary resource testrunner.xql 
2011-10-02 10:55:28,510 [P1-5] DEBUG (LocalCollection.java [storeResource]:647) - storing document test-result.xsl 
2011-10-02 10:55:28,525 [P1-5] DEBUG (LocalCollection.java [storeResource]:647) - storing document helloworld.xml 
2011-10-02 10:55:28,525 [P1-5] DEBUG (LocalCollection.java [storeResource]:647) - storing document padd-attribute.xml 
2011-10-02 10:55:28,525 [P1-5] DEBUG (LocalCollection.java [storeResource]:647) - storing document pchoose.xml 
2011-10-02 10:55:28,525 [P1-5] DEBUG (LocalCollection.java [storeResource]:647) - storing document pcount.xml 
2011-10-02 10:55:28,525 [P1-5] DEBUG (LocalCollection.java [storeResource]:647) - storing document pdelete.xml 
2011-10-02 10:55:28,525 [P1-5] DEBUG (LocalCollection.java [storeResource]:647) - storing document pdirectory-list.xml 
2011-10-02 10:55:28,542 [P1-5] DEBUG (LocalCollection.java [storeResource]:647) - storing document perror.xml 
2011-10-02 10:55:28,546 [P1-5] DEBUG (LocalCollection.java [storeResource]:647) - storing document pescape-markup.xml 
2011-10-02 10:55:28,550 [P1-5] DEBUG (LocalCollection.java [storeResource]:647) - storing document pfor-each.xml 
2011-10-02 10:55:28,554 [P1-5] DEBUG (LocalCollection.java [storeResource]:647) - storing document pgroup.xml 
2011-10-02 10:55:28,556 [P1-5] DEBUG (LocalCollection.java [storeResource]:647) - storing document phttp-request.xml 
2011-10-02 10:55:28,560 [P1-5] DEBUG (LocalCollection.java [storeResource]:647) - storing document phttp-request2.xml 
2011-10-02 10:55:28,562 [P1-5] DEBUG (LocalCollection.java [storeResource]:647) - storing document pinsert.xml 
2011-10-02 10:55:28,566 [P1-5] DEBUG (LocalCollection.java [storeResource]:647) - storing document plabel-elements.xml 
2011-10-02 10:55:28,569 [P1-5] DEBUG (LocalCollection.java [storeResource]:647) - storing document pload.xml 
2011-10-02 10:55:28,573 [P1-5] DEBUG (LocalCollection.java [storeResource]:647) - storing document ppack.xml 
2011-10-02 10:55:28,577 [P1-5] DEBUG (LocalCollection.java [storeResource]:647) - storing document prename.xml 
2011-10-02 10:55:28,584 [P1-5] DEBUG (LocalCollection.java [storeResource]:647) - storing document preplace.xml 
2011-10-02 10:55:28,586 [P1-5] DEBUG (LocalCollection.java [storeResource]:647) - storing document pset-attributes.xml 
2011-10-02 10:55:28,590 [P1-5] DEBUG (LocalCollection.java [storeResource]:647) - storing document pstore.xml 
2011-10-02 10:55:28,593 [P1-5] DEBUG (LocalCollection.java [storeResource]:647) - storing document pstore2.xml 
2011-10-02 10:55:28,595 [P1-5] DEBUG (LocalCollection.java [storeResource]:647) - storing document pstring-replace.xml 
2011-10-02 10:55:28,597 [P1-5] DEBUG (LocalCollection.java [storeResource]:647) - storing document punwrap.xml 
2011-10-02 10:55:28,600 [P1-5] DEBUG (LocalCollection.java [storeResource]:647) - storing document puuid.xml 
2011-10-02 10:55:28,604 [P1-5] DEBUG (LocalCollection.java [storeResource]:647) - storing document pwrap-sequence.xml 
2011-10-02 10:55:28,606 [P1-5] DEBUG (LocalCollection.java [storeResource]:647) - storing document pwrap.xml 
2011-10-02 10:55:28,607 [P1-5] DEBUG (LocalCollection.java [storeResource]:647) - storing document pxquery.xml 
2011-10-02 10:55:28,611 [P1-5] ERROR (LocalCollection.java [storeXMLResource]:764) - org.xml.sax.SAXParseException: The prefix "xproc" for attribute "xproc:escape" associated with an element type "c:query" is not bound. 
2011-10-02 10:55:28,612 [P1-5] DEBUG (LocalCollection.java [storeResource]:647) - storing document pxquery2.xml 
2011-10-02 10:55:28,613 [P1-5] ERROR (LocalCollection.java [storeXMLResource]:764) - org.xml.sax.SAXParseException: The prefix "xproc" for attribute "xproc:escape" associated with an element type "p:data" is not bound. 
2011-10-02 10:55:28,614 [P1-5] DEBUG (LocalCollection.java [storeResource]:647) - storing document pxsl-formatter.xml 
2011-10-02 10:55:28,618 [P1-5] DEBUG (LocalCollection.java [storeResource]:647) - storing document pxsl-formatter2.xml 
2011-10-02 10:55:28,620 [P1-5] DEBUG (LocalCollection.java [storeResource]:647) - storing document pxslt.xml 
2011-10-02 10:55:28,626 [P1-5] DEBUG (LocalCollection.java [storeResource]:647) - storing document test.xml 
2011-10-02 10:55:28,636 [P1-5] DEBUG (LocalCollection.java [storeResource]:647) - storing document complex-pipeline.xproc 
2011-10-02 10:55:28,641 [P1-5] DEBUG (LocalCollection.java [storeResource]:647) - storing document extrunstep.xproc 
2011-10-02 10:55:28,643 [P1-5] DEBUG (LocalCollection.java [storeResource]:647) - storing document hello.xproc 
2011-10-02 10:55:28,644 [P1-5] DEBUG (LocalCollection.java [storeResource]:647) - storing document pdeclare-step.xproc 
2011-10-02 10:55:28,648 [P1-5] DEBUG (LocalCollection.java [storeResource]:647) - storing document pdirectory-list-local.xproc 
2011-10-02 10:55:28,650 [P1-5] DEBUG (LocalCollection.java [storeResource]:647) - storing document pdirectory-list-native.xproc 
2011-10-02 10:55:28,652 [P1-5] DEBUG (LocalCollection.java [storeResource]:647) - storing document perror.xproc 
2011-10-02 10:55:28,653 [P1-5] DEBUG (LocalCollection.java [storeResource]:647) - storing document pescape-markup.xproc 
2011-10-02 10:55:28,655 [P1-5] DEBUG (LocalCollection.java [storeResource]:647) - storing document pfor-each.xproc 
2011-10-02 10:55:28,656 [P1-5] DEBUG (LocalCollection.java [storeResource]:647) - storing document phttp-request.xproc 
2011-10-02 10:55:28,658 [P1-5] DEBUG (LocalCollection.java [storeResource]:647) - storing document phttp-request2.xproc 
2011-10-02 10:55:28,659 [P1-5] DEBUG (LocalCollection.java [storeResource]:647) - storing document pxquery.xproc 
2011-10-02 10:55:28,660 [P1-5] ERROR (LocalCollection.java [storeXMLResource]:764) - org.xml.sax.SAXParseException: The prefix "xproc" for attribute "xproc:escape" associated with an element type "c:query" is not bound. 
2011-10-02 10:55:28,664 [P1-5] DEBUG (LocalCollection.java [storeResource]:647) - storing document pxquery2.xproc 
2011-10-02 10:55:28,665 [P1-5] ERROR (LocalCollection.java [storeXMLResource]:764) - org.xml.sax.SAXParseException: The prefix "xproc" for attribute "xproc:escape" associated with an element type "p:data" is not bound. 
2011-10-02 10:55:28,666 [P1-5] DEBUG (LocalCollection.java [storeResource]:647) - storing document simple-pipeline.xproc 
2011-10-02 10:55:28,671 [P1-5] DEBUG (LocalCollection.java [storeResource]:647) - storing document twitter.xproc 
2011-10-02 10:55:28,677 [P1-5] DEBUG (LocalCollection.java [storeResource]:647) - storing document xslt-identity.xproc 
2011-10-02 10:55:28,683 [P1-5] DEBUG (LocalCollection.java [storeResource]:647) - storing document stylesheet.xml 
2011-10-02 10:55:28,686 [P1-5] DEBUG (LocalCollection.java [storeResource]:647) - storing document test.xml 
2011-10-02 10:55:28,690 [P1-5] DEBUG (LocalCollection.java [storeResource]:647) - storing document test1.xml 
2011-10-02 10:55:28,696 [P1-5] DEBUG (LocalCollection.java [storeResource]:654) - storing binary resource twitter-view.xql 
2011-10-02 10:55:28,701 [P1-5] DEBUG (LocalCollection.java [storeResource]:647) - storing document components-xproc-steps.xml 
2011-10-02 10:55:28,705 [P1-5] DEBUG (LocalCollection.java [storeResource]:647) - storing document core-xproc-steps.xml 
2011-10-02 10:55:28,707 [P1-5] DEBUG (LocalCollection.java [storeResource]:647) - storing document examples.xml 
2011-10-02 10:55:28,712 [P1-5] DEBUG (LocalCollection.java [storeResource]:647) - storing document extension-xproc-steps.xml 
2011-10-02 10:55:28,715 [P1-5] DEBUG (LocalCollection.java [storeResource]:647) - storing document functions-xproc-steps.xml 
2011-10-02 10:55:28,716 [P1-5] DEBUG (LocalCollection.java [storeResource]:647) - storing document optional-xproc-steps.xml 
2011-10-02 10:55:28,719 [P1-5] DEBUG (LocalCollection.java [storeResource]:647) - storing document sidebar.xml 
2011-10-02 10:55:28,724 [P1-5] DEBUG (LocalCollection.java [storeResource]:647) - storing document standard-xproc-steps.xml 
2011-10-02 10:55:28,728 [P1-5] DEBUG (LocalCollection.java [storeResource]:647) - storing document xproc.xml 
2011-10-02 10:55:28,742 [P1-5] DEBUG (LocalCollection.java [storeResource]:654) - storing binary resource controller.xql 
2011-10-02 10:55:28,744 [P1-5] DEBUG (LocalCollection.java [storeResource]:654) - storing binary resource run.xql 
2011-10-02 10:55:28,747 [P1-5] DEBUG (LocalCollection.java [storeResource]:654) - storing binary resource index.xql 
2011-10-02 10:55:28,752 [P1-5] DEBUG (LocalCollection.java [storeResource]:647) - storing document about.html 
2011-10-02 10:55:28,762 [P1-5] DEBUG (LocalCollection.java [storeResource]:647) - storing document app-info.xml 
2011-10-02 10:55:28,768 [P1-5] DEBUG (LocalCollection.java [storeResource]:647) - storing document controller.xml 
2011-10-02 10:55:28,772 [P1-5] DEBUG (LocalCollection.java [storeResource]:647) - storing document project.xml 
2011-10-02 10:55:28,776 [P1-5] DEBUG (LocalCollection.java [storeResource]:647) - storing document task.xml 
2011-10-02 10:55:28,781 [P1-5] DEBUG (LocalCollection.java [storeResource]:647) - storing document tasktype.xml 
2011-10-02 10:55:28,783 [P1-5] DEBUG (LocalCollection.java [storeResource]:647) - storing document worker.xml 
2011-10-02 10:55:28,790 [P1-5] DEBUG (LocalCollection.java [storeResource]:647) - storing document 20100317-135612.xml 
2011-10-02 10:55:28,792 [P1-5] DEBUG (LocalCollection.java [storeResource]:647) - storing document 20100317-141642.xml 
2011-10-02 10:55:28,793 [P1-5] DEBUG (LocalCollection.java [storeResource]:647) - storing document 20100601-101218.xml 
2011-10-02 10:55:28,795 [P1-5] DEBUG (LocalCollection.java [storeResource]:647) - storing document 20100601-101302.xml 
2011-10-02 10:55:28,797 [P1-5] DEBUG (LocalCollection.java [storeResource]:647) - storing document 20100601-101336.xml 
2011-10-02 10:55:28,798 [P1-5] DEBUG (LocalCollection.java [storeResource]:647) - storing document 20100601-101414.xml 
2011-10-02 10:55:28,800 [P1-5] DEBUG (LocalCollection.java [storeResource]:647) - storing document 20100601-101457.xml 
2011-10-02 10:55:28,801 [P1-5] DEBUG (LocalCollection.java [storeResource]:647) - storing document 20100601-101547.xml 
2011-10-02 10:55:28,803 [P1-5] DEBUG (LocalCollection.java [storeResource]:647) - storing document 20100601-101624.xml 
2011-10-02 10:55:28,805 [P1-5] DEBUG (LocalCollection.java [storeResource]:647) - storing document 20100601-101708.xml 
2011-10-02 10:55:28,806 [P1-5] DEBUG (LocalCollection.java [storeResource]:647) - storing document 20100601-101747.xml 
2011-10-02 10:55:28,808 [P1-5] DEBUG (LocalCollection.java [storeResource]:647) - storing document 20100601-101830.xml 
2011-10-02 10:55:28,809 [P1-5] DEBUG (LocalCollection.java [storeResource]:647) - storing document 20100601-101857.xml 
2011-10-02 10:55:28,811 [P1-5] DEBUG (LocalCollection.java [storeResource]:647) - storing document 20100601-102011.xml 
2011-10-02 10:55:28,812 [P1-5] DEBUG (LocalCollection.java [storeResource]:647) - storing document 20100601-102143.xml 
2011-10-02 10:55:28,814 [P1-5] DEBUG (LocalCollection.java [storeResource]:647) - storing document 20100601-102237.xml 
2011-10-02 10:55:28,816 [P1-5] DEBUG (LocalCollection.java [storeResource]:647) - storing document 20100601-102318.xml 
2011-10-02 10:55:28,817 [P1-5] DEBUG (LocalCollection.java [storeResource]:647) - storing document 20100601-102410.xml 
2011-10-02 10:55:28,819 [P1-5] DEBUG (LocalCollection.java [storeResource]:647) - storing document 20100601-112803.xml 
2011-10-02 10:55:28,820 [P1-5] DEBUG (LocalCollection.java [storeResource]:647) - storing document 20100601-113514.xml 
2011-10-02 10:55:28,822 [P1-5] DEBUG (LocalCollection.java [storeResource]:647) - storing document 20100601-114044.xml 
2011-10-02 10:55:28,824 [P1-5] DEBUG (LocalCollection.java [storeResource]:647) - storing document 20100601-114213.xml 
2011-10-02 10:55:28,825 [P1-5] DEBUG (LocalCollection.java [storeResource]:647) - storing document 20100601-114248.xml 
2011-10-02 10:55:28,827 [P1-5] DEBUG (LocalCollection.java [storeResource]:647) - storing document 20100601-114329.xml 
2011-10-02 10:55:28,829 [P1-5] DEBUG (LocalCollection.java [storeResource]:647) - storing document 20100601-120344.xml 
2011-10-02 10:55:28,830 [P1-5] DEBUG (LocalCollection.java [storeResource]:647) - storing document 20100601-120609.xml 
2011-10-02 10:55:28,832 [P1-5] DEBUG (LocalCollection.java [storeResource]:647) - storing document 20100601-120709.xml 
2011-10-02 10:55:28,833 [P1-5] DEBUG (LocalCollection.java [storeResource]:647) - storing document 20100601-120849.xml 
2011-10-02 10:55:28,835 [P1-5] DEBUG (LocalCollection.java [storeResource]:647) - storing document 20100601-121226.xml 
2011-10-02 10:55:28,836 [P1-5] DEBUG (LocalCollection.java [storeResource]:647) - storing document 20100601-121348.xml 
2011-10-02 10:55:28,844 [P1-5] DEBUG (LocalCollection.java [storeResource]:647) - storing document 20100601-121625.xml 
2011-10-02 10:55:28,846 [P1-5] DEBUG (LocalCollection.java [storeResource]:647) - storing document 20100601-121735.xml 
2011-10-02 10:55:28,849 [P1-5] DEBUG (LocalCollection.java [storeResource]:654) - storing binary resource edit-item.xql 
2011-10-02 10:55:28,853 [P1-5] DEBUG (LocalCollection.java [storeResource]:654) - storing binary resource edit-project.xql 
2011-10-02 10:55:28,855 [P1-5] DEBUG (LocalCollection.java [storeResource]:654) - storing binary resource edit-worker.xql 
2011-10-02 10:55:28,858 [P1-5] DEBUG (LocalCollection.java [storeResource]:647) - storing document collection.xconf 
2011-10-02 10:55:28,864 [P1-5] DEBUG (LocalCollection.java [storeResource]:654) - storing binary resource timeAndEffort.xql 
2011-10-02 10:55:28,867 [P1-5] DEBUG (LocalCollection.java [storeResource]:654) - storing binary resource InlineRoundBordersAlert.css 
2011-10-02 10:55:28,869 [P1-5] DEBUG (LocalCollection.java [storeResource]:654) - storing binary resource timetracker.css 
2011-10-02 10:55:28,873 [P1-5] DEBUG (LocalCollection.java [storeResource]:654) - storing binary resource search.gif 
2011-10-02 10:55:28,875 [P1-5] DEBUG (LocalCollection.java [storeResource]:654) - storing binary resource tabClose.gif 
2011-10-02 10:55:28,877 [P1-5] DEBUG (LocalCollection.java [storeResource]:654) - storing binary resource bf_logo_201x81.png 
2011-10-02 10:55:28,879 [P1-5] DEBUG (LocalCollection.java [storeResource]:654) - storing binary resource error.png 
2011-10-02 10:55:28,880 [P1-5] DEBUG (LocalCollection.java [storeResource]:654) - storing binary resource hint.png 
2011-10-02 10:55:28,882 [P1-5] DEBUG (LocalCollection.java [storeResource]:654) - storing binary resource ok.png 
2011-10-02 10:55:28,885 [P1-5] DEBUG (LocalCollection.java [storeResource]:654) - storing binary resource shad_top.jpg 
2011-10-02 10:55:28,888 [P1-5] DEBUG (LocalCollection.java [storeResource]:654) - storing binary resource billableForProject.xql 
2011-10-02 10:55:28,891 [P1-5] DEBUG (LocalCollection.java [storeResource]:654) - storing binary resource reindex.xql 
2011-10-02 10:55:28,893 [P1-5] DEBUG (LocalCollection.java [storeResource]:654) - storing binary resource search-orig.xql 
2011-10-02 10:55:28,894 [P1-5] DEBUG (LocalCollection.java [storeResource]:654) - storing binary resource search.xql 
2011-10-02 10:55:28,897 [P1-5] DEBUG (LocalCollection.java [storeResource]:647) - storing document search-form.html 
2011-10-02 10:55:28,902 [P1-5] DEBUG (LocalCollection.java [storeResource]:654) - storing binary resource update-billed.xql 
2011-10-02 10:55:28,905 [P1-5] DEBUG (LocalCollection.java [storeResource]:654) - storing binary resource list-items-html.xql 
2011-10-02 10:55:28,907 [P1-5] DEBUG (LocalCollection.java [storeResource]:654) - storing binary resource list-items-json.xql 
2011-10-02 10:55:28,908 [P1-5] DEBUG (LocalCollection.java [storeResource]:654) - storing binary resource list-items.xql 
2011-10-02 10:55:28,911 [P1-5] DEBUG (LocalCollection.java [storeResource]:647) - storing document list-items.html 
2011-10-02 10:55:28,917 [P1-5] DEBUG (LocalCollection.java [storeResource]:647) - storing document flattenAttributes.xsl 
2011-10-02 10:55:28,922 [P1-5] DEBUG (LocalCollection.java [storeResource]:647) - storing document list-items.xsl 
2011-10-02 10:55:28,930 [P1-5] DEBUG (LocalCollection.java [storeResource]:647) - storing document timetracker.xsl 
2011-10-02 10:55:28,933 [P1-5] DEBUG (LocalCollection.java [storeResource]:654) - storing binary resource create-collection.xql 
2011-10-02 10:55:28,935 [P1-5] DEBUG (LocalCollection.java [storeResource]:654) - storing binary resource FormsQuery.xql 
2011-10-02 10:55:28,939 [P1-5] DEBUG (LocalCollection.java [storeResource]:654) - storing binary resource login.xql 
2011-10-02 10:55:28,940 [P1-5] DEBUG (LocalCollection.java [storeResource]:654) - storing binary resource upload-document.xql 
2011-10-02 10:55:28,943 [P1-5] DEBUG (LocalCollection.java [storeResource]:647) - storing document FeatureExplorer.xhtml 
2011-10-02 10:55:28,953 [P1-5] DEBUG (LocalCollection.java [storeResource]:647) - storing document Status.xhtml 
2011-10-02 10:55:28,959 [P1-5] DEBUG (LocalCollection.java [storeResource]:647) - storing document TimeTracker.xhtml 
2011-10-02 10:55:28,963 [P1-5] DEBUG (LocalCollection.java [storeResource]:647) - storing document AlertDefault.xhtml 
2011-10-02 10:55:28,973 [P1-5] DEBUG (LocalCollection.java [storeResource]:647) - storing document AlertDefaultTypes.xhtml 
2011-10-02 10:55:28,984 [P1-5] DEBUG (LocalCollection.java [storeResource]:647) - storing document AlertTooltip.xhtml 
2011-10-02 10:55:28,992 [P1-5] DEBUG (LocalCollection.java [storeResource]:647) - storing document AVTThemeSwitcher.xhtml 
2011-10-02 10:55:28,999 [P1-5] DEBUG (LocalCollection.java [storeResource]:647) - storing document Dialog.xhtml 
2011-10-02 10:55:29,010 [P1-5] DEBUG (LocalCollection.java [storeResource]:647) - storing document EmbedHTML.xhtml 
2011-10-02 10:55:29,016 [P1-5] DEBUG (LocalCollection.java [storeResource]:647) - storing document FeatureExplorer.xhtml 
2011-10-02 10:55:29,030 [P1-5] DEBUG (LocalCollection.java [storeResource]:647) - storing document GroupCompact.xhtml 
2011-10-02 10:55:29,039 [P1-5] DEBUG (LocalCollection.java [storeResource]:647) - storing document GroupDefault.xhtml 
2011-10-02 10:55:29,044 [P1-5] DEBUG (LocalCollection.java [storeResource]:647) - storing document GroupFull.xhtml 
2011-10-02 10:55:29,048 [P1-5] DEBUG (LocalCollection.java [storeResource]:647) - storing document GroupHorizontalTable.xhtml 
2011-10-02 10:55:29,053 [P1-5] DEBUG (LocalCollection.java [storeResource]:647) - storing document GroupMinimal.xhtml 
2011-10-02 10:55:29,058 [P1-5] DEBUG (LocalCollection.java [storeResource]:647) - storing document GroupVerticalTable.xhtml 
2011-10-02 10:55:29,062 [P1-5] DEBUG (LocalCollection.java [storeResource]:647) - storing document GroupVerticalTableComplex.xhtml 
2011-10-02 10:55:29,070 [P1-5] DEBUG (LocalCollection.java [storeResource]:647) - storing document InputCalendar.xhtml 
2011-10-02 10:55:29,078 [P1-5] DEBUG (LocalCollection.java [storeResource]:647) - storing document InputCalendarAndTime.xhtml 
2011-10-02 10:55:29,082 [P1-5] DEBUG (LocalCollection.java [storeResource]:647) - storing document InputCalendarWithDatePattern.xhtml 
2011-10-02 10:55:29,087 [P1-5] DEBUG (LocalCollection.java [storeResource]:647) - storing document InputCheckbox.xhtml 
2011-10-02 10:55:29,095 [P1-5] DEBUG (LocalCollection.java [storeResource]:647) - storing document InputText.xhtml 
2011-10-02 10:55:29,100 [P1-5] DEBUG (LocalCollection.java [storeResource]:647) - storing document InputTextHintHelp.xhtml 
2011-10-02 10:55:29,105 [P1-5] DEBUG (LocalCollection.java [storeResource]:647) - storing document LoadEmbed.xhtml 
2011-10-02 10:55:29,112 [P1-5] DEBUG (LocalCollection.java [storeResource]:647) - storing document LoadNew.xhtml 
2011-10-02 10:55:29,115 [P1-5] DEBUG (LocalCollection.java [storeResource]:647) - storing document ModelToModelSubmission.xhtml 
2011-10-02 10:55:29,122 [P1-5] DEBUG (LocalCollection.java [storeResource]:647) - storing document OutputDefault.xhtml 
2011-10-02 10:55:29,130 [P1-5] DEBUG (LocalCollection.java [storeResource]:647) - storing document OutputHTML.xhtml 
2011-10-02 10:55:29,141 [P1-5] DEBUG (LocalCollection.java [storeResource]:647) - storing document OutputImage.xhtml 
2011-10-02 10:55:29,147 [P1-5] DEBUG (LocalCollection.java [storeResource]:647) - storing document OutputLink.xhtml 
2011-10-02 10:55:29,152 [P1-5] DEBUG (LocalCollection.java [storeResource]:647) - storing document RangeRating.xhtml 
2011-10-02 10:55:29,163 [P1-5] DEBUG (LocalCollection.java [storeResource]:647) - storing document RangeSlider.xhtml 
2011-10-02 10:55:29,168 [P1-5] DEBUG (LocalCollection.java [storeResource]:647) - storing document RepeatCompact.xhtml 
2011-10-02 10:55:29,176 [P1-5] DEBUG (LocalCollection.java [storeResource]:647) - storing document RepeatFull.xhtml 
2011-10-02 10:55:29,180 [P1-5] DEBUG (LocalCollection.java [storeResource]:647) - storing document RepeatTable.xhtml 
2011-10-02 10:55:29,189 [P1-5] DEBUG (LocalCollection.java [storeResource]:647) - storing document Secret.xhtml 
2011-10-02 10:55:29,197 [P1-5] DEBUG (LocalCollection.java [storeResource]:647) - storing document Select1Combobox.xhtml 
2011-10-02 10:55:29,206 [P1-5] DEBUG (LocalCollection.java [storeResource]:647) - storing document Select1List.xhtml 
2011-10-02 10:55:29,212 [P1-5] DEBUG (LocalCollection.java [storeResource]:647) - storing document Select1Open.xhtml 
2011-10-02 10:55:29,224 [P1-5] DEBUG (LocalCollection.java [storeResource]:647) - storing document SelectCheckboxes.xhtml 
2011-10-02 10:55:29,233 [P1-5] DEBUG (LocalCollection.java [storeResource]:647) - storing document SelectList.xhtml 
2011-10-02 10:55:29,238 [P1-5] DEBUG (LocalCollection.java [storeResource]:647) - storing document SelectListOpen.xhtml 
2011-10-02 10:55:29,244 [P1-5] DEBUG (LocalCollection.java [storeResource]:647) - storing document SwitchPlain.xhtml 
2011-10-02 10:55:29,252 [P1-5] DEBUG (LocalCollection.java [storeResource]:647) - storing document SwitchTabContainer.xhtml 
2011-10-02 10:55:29,256 [P1-5] DEBUG (LocalCollection.java [storeResource]:647) - storing document TextareaGrowing.xhtml 
2011-10-02 10:55:29,264 [P1-5] DEBUG (LocalCollection.java [storeResource]:647) - storing document TextareaHTML.xhtml 
2011-10-02 10:55:29,269 [P1-5] DEBUG (LocalCollection.java [storeResource]:647) - storing document TextareaSimple.xhtml 
2011-10-02 10:55:29,273 [P1-5] DEBUG (LocalCollection.java [storeResource]:647) - storing document TriggerButton.xhtml 
2011-10-02 10:55:29,281 [P1-5] DEBUG (LocalCollection.java [storeResource]:647) - storing document TriggerCSSImage.xhtml 
2011-10-02 10:55:29,289 [P1-5] DEBUG (LocalCollection.java [storeResource]:647) - storing document TriggerImage.xhtml 
2011-10-02 10:55:29,293 [P1-5] DEBUG (LocalCollection.java [storeResource]:647) - storing document TriggerLink.xhtml 
2011-10-02 10:55:29,297 [P1-5] DEBUG (LocalCollection.java [storeResource]:647) - storing document TriggerLinkedImage.xhtml 
2011-10-02 10:55:29,302 [P1-5] DEBUG (LocalCollection.java [storeResource]:647) - storing document Uploadbase64.xhtml 
2011-10-02 10:55:29,310 [P1-5] DEBUG (LocalCollection.java [storeResource]:647) - storing document UploadFile.xhtml 
2011-10-02 10:55:29,314 [P1-5] DEBUG (LocalCollection.java [storeResource]:647) - storing document UploadhexBinary.xhtml 
2011-10-02 10:55:29,322 [P1-5] DEBUG (LocalCollection.java [storeResource]:654) - storing binary resource reference.css 
2011-10-02 10:55:29,326 [P1-5] DEBUG (LocalCollection.java [storeResource]:647) - storing document container-overview.html 
2011-10-02 10:55:29,327 [P1-5] DEBUG (LocalCollection.java [storeResource]:647) - storing document control-overview.html 
2011-10-02 10:55:29,329 [P1-5] DEBUG (LocalCollection.java [storeResource]:647) - storing document intro.html 
2011-10-02 10:55:29,334 [P1-5] DEBUG (LocalCollection.java [storeResource]:654) - storing binary resource arrow-green.png 
2011-10-02 10:55:29,336 [P1-5] DEBUG (LocalCollection.java [storeResource]:654) - storing binary resource bf_logo_67x27.png 
2011-10-02 10:55:29,337 [P1-5] DEBUG (LocalCollection.java [storeResource]:654) - storing binary resource external_link.png 
2011-10-02 10:55:29,339 [P1-5] DEBUG (LocalCollection.java [storeResource]:654) - storing binary resource w3c_home_nb.png 
2011-10-02 10:55:29,342 [P1-5] DEBUG (LocalCollection.java [storeResource]:654) - storing binary resource spriteCheckbox.gif 
2011-10-02 10:55:29,346 [P1-5] DEBUG (LocalCollection.java [storeResource]:647) - storing document Load-Embed-CSS-JavaScript-Subform.xhtml 
2011-10-02 10:55:29,350 [P1-5] DEBUG (LocalCollection.java [storeResource]:647) - storing document htmlToEmbed.html 
2011-10-02 10:55:29,358 [P1-5] DEBUG (LocalCollection.java [storeResource]:654) - storing binary resource style.css 
2011-10-02 10:55:29,362 [P1-5] DEBUG (LocalCollection.java [storeResource]:654) - storing binary resource script.js 
2011-10-02 10:55:29,367 [P1-5] DEBUG (LocalCollection.java [storeResource]:654) - storing binary resource 1.200.jpg 
2011-10-02 10:55:29,370 [P1-5] DEBUG (LocalCollection.java [storeResource]:647) - storing document contacts.xhtml 
2011-10-02 10:55:29,377 [P1-5] DEBUG (LocalCollection.java [storeResource]:647) - storing document orderlist.xhtml 
2011-10-02 10:55:29,390 [P1-5] DEBUG (LocalCollection.java [storeResource]:647) - storing document registration.xhtml 
2011-10-02 10:55:29,398 [P1-5] DEBUG (LocalCollection.java [storeResource]:654) - storing binary resource demo.css 
2011-10-02 10:55:29,401 [P1-5] DEBUG (LocalCollection.java [storeResource]:654) - storing binary resource registration.css 
2011-10-02 10:55:29,403 [P1-5] DEBUG (LocalCollection.java [storeResource]:647) - storing document contacts_subform_1.xml 
2011-10-02 10:55:29,409 [P1-5] DEBUG (LocalCollection.java [storeResource]:647) - storing document contacts_subform_2.xml 
2011-10-02 10:55:31,463 [P1-5] DEBUG (LocalCollection.java [storeResource]:647) - storing document xmlad.xml 
2011-10-02 10:55:32,909 [P1-5] DEBUG (LocalCollection.java [storeResource]:647) - storing document mondial.xml 
2011-10-02 10:55:33,563 [P1-5] DEBUG (LocalXPathQueryService.java [execute]:198) - query took 6800 ms. 
2011-10-02 10:55:50,644 [P1-5] DEBUG (LocalXPathQueryService.java [execute]:198) - query took 59 ms. 
2011-10-02 10:55:57,038 [P1-5] DEBUG (LocalXPathQueryService.java [execute]:198) - query took 19 ms. 
2011-10-02 10:56:03,892 [P1-5] DEBUG (LocalXPathQueryService.java [execute]:198) - query took 45 ms. 
2011-10-02 10:56:28,770 [P1-5] DEBUG (LocalXPathQueryService.java [execute]:198) - query took 17 ms. 
2011-10-02 10:58:59,309 [P1-5] DEBUG (LocalXPathQueryService.java [execute]:198) - query took 230 ms. 
2011-10-02 10:58:59,731 [P1-9] DEBUG (LocalCollection.java [storeResource]:647) - storing document existdb_user.xml 
2011-10-02 10:58:59,774 [P1-9] DEBUG (LocalXPathQueryService.java [execute]:198) - query took 695 ms. 
2011-10-02 10:58:59,793 [P1-9] DEBUG (LocalXPathQueryService.java [execute]:198) - query took 18 ms. 
2011-10-02 10:59:34,322 [P1-9] DEBUG (LocalXPathQueryService.java [execute]:198) - query took 59 ms. 
2011-10-02 10:59:34,543 [P1-6] DEBUG (LocalXPathQueryService.java [execute]:198) - query took 0 ms. 
2011-10-02 11:00:02,791 [P1-6] DEBUG (LocalXPathQueryService.java [execute]:198) - query took 50 ms. 
2011-10-02 11:00:02,816 [P1-6] DEBUG (LocalXPathQueryService.java [execute]:198) - query took 23 ms. 
2011-10-02 11:00:02,844 [P1-6] DEBUG (LocalXPathQueryService.java [execute]:198) - query took 5 ms. 
2011-10-02 11:00:02,903 [P1-6] DEBUG (LocalXPathQueryService.java [execute]:198) - query took 5 ms. 
2011-10-02 11:00:02,957 [P1-6] DEBUG (LocalXPathQueryService.java [execute]:198) - query took 5 ms. 
2011-10-02 11:00:03,013 [P1-6] DEBUG (LocalXPathQueryService.java [execute]:198) - query took 7 ms. 
2011-10-02 11:00:03,065 [P1-6] DEBUG (LocalXPathQueryService.java [execute]:198) - query took 4 ms. 
2011-10-02 11:00:03,120 [P1-6] DEBUG (LocalXPathQueryService.java [execute]:198) - query took 5 ms. 
2011-10-02 11:00:03,173 [P1-6] DEBUG (LocalXPathQueryService.java [execute]:198) - query took 4 ms. 
2011-10-02 11:00:03,224 [P1-6] DEBUG (LocalXPathQueryService.java [execute]:198) - query took 4 ms. 
2011-10-02 11:00:03,277 [P1-6] DEBUG (LocalXPathQueryService.java [execute]:198) - query took 4 ms. 
2011-10-02 11:00:03,329 [P1-6] DEBUG (LocalXPathQueryService.java [execute]:198) - query took 4 ms. 
2011-10-02 11:00:03,382 [P1-6] DEBUG (LocalXPathQueryService.java [execute]:198) - query took 5 ms. 
2011-10-02 11:00:03,433 [P1-6] DEBUG (LocalXPathQueryService.java [execute]:198) - query took 4 ms. 
2011-10-02 11:00:03,486 [P1-6] DEBUG (LocalXPathQueryService.java [execute]:198) - query took 4 ms. 
2011-10-02 11:00:03,539 [P1-6] DEBUG (LocalXPathQueryService.java [execute]:198) - query took 4 ms. 
2011-10-02 11:00:03,592 [P1-6] DEBUG (LocalXPathQueryService.java [execute]:198) - query took 4 ms. 
2011-10-02 11:11:36,986 [P1-6] DEBUG (LocalXPathQueryService.java [execute]:198) - query took 22 ms. 
2011-10-02 11:12:23,491 [P1-6] DEBUG (LocalXPathQueryService.java [execute]:198) - query took 15 ms. 
2011-10-02 11:12:26,440 [P1-6] DEBUG (LocalXPathQueryService.java [execute]:198) - query took 21 ms. 
2011-10-02 11:12:28,154 [P1-6] DEBUG (LocalXPathQueryService.java [execute]:198) - query took 15 ms. 
2011-10-02 11:12:30,033 [P1-6] DEBUG (LocalXPathQueryService.java [execute]:198) - query took 25 ms. 
2011-10-02 13:02:12,618 [P1-6] DEBUG (LocalXPathQueryService.java [execute]:198) - query took 5 ms. 
2011-10-02 13:02:14,460 [P1-6] DEBUG (LocalXPathQueryService.java [execute]:198) - query took 9 ms. 
2011-10-02 13:02:16,946 [P1-6] DEBUG (LocalXPathQueryService.java [execute]:198) - query took 6 ms. 
2011-10-02 13:02:36,141 [P1-6] DEBUG (LocalXPathQueryService.java [execute]:198) - query took 7 ms. 
2011-10-02 13:02:57,166 [P1-6] DEBUG (LocalXPathQueryService.java [execute]:198) - query took 7 ms. 
2011-10-02 13:02:58,523 [P1-6] DEBUG (LocalXPathQueryService.java [execute]:198) - query took 10 ms. 
2011-10-02 13:02:59,887 [P1-6] DEBUG (LocalXPathQueryService.java [execute]:198) - query took 15 ms. 
2011-10-02 13:03:04,795 [P1-6] DEBUG (LocalXPathQueryService.java [execute]:198) - query took 16 ms. 
2011-10-02 13:03:15,237 [P1-6] DEBUG (LocalXPathQueryService.java [execute]:198) - query took 17 ms. 
2011-10-02 13:03:21,575 [P1-6] DEBUG (LocalXPathQueryService.java [execute]:198) - query took 6 ms. 
2011-10-02 13:03:23,082 [P1-6] DEBUG (LocalXPathQueryService.java [execute]:198) - query took 12 ms. 
2011-10-02 13:03:27,625 [P1-6] DEBUG (LocalXPathQueryService.java [execute]:198) - query took 10 ms. 
2011-10-02 13:03:29,921 [P1-6] DEBUG (LocalXPathQueryService.java [execute]:198) - query took 4 ms. 
2011-10-02 13:03:43,505 [P1-6] DEBUG (LocalCollection.java [storeResource]:647) - storing document questions.xml 
2011-10-02 13:03:43,943 [P1-6] DEBUG (LocalXPathQueryService.java [execute]:198) - query took 441 ms. 
2011-10-02 13:03:57,952 [P1-6] DEBUG (LocalXPathQueryService.java [execute]:198) - query took 7 ms. 
2011-10-02 13:04:27,755 [P1-6] DEBUG (LocalXPathQueryService.java [execute]:198) - query took 727 ms. 
2011-10-02 13:04:28,609 [P1-9] DEBUG (LocalCollection.java [storeResource]:647) - storing document existdb_user.xml 
2011-10-02 13:04:28,626 [P1-9] DEBUG (LocalXPathQueryService.java [execute]:198) - query took 1597 ms. 
2011-10-02 13:04:28,636 [P1-9] DEBUG (LocalXPathQueryService.java [execute]:198) - query took 10 ms. 
2011-10-02 13:04:36,113 [P1-6] DEBUG (LocalXPathQueryService.java [execute]:198) - query took 1 ms. 
2011-10-02 13:04:36,383 [P1-6] DEBUG (LocalXPathQueryService.java [execute]:198) - query took 4 ms. 
2011-10-02 13:05:15,565 [P1-6] DEBUG (LocalXPathQueryService.java [execute]:198) - query took 1 ms. 
2011-10-02 13:05:17,571 [P1-6] DEBUG (LocalXPathQueryService.java [execute]:198) - query took 2 ms. 
2011-10-02 13:05:18,989 [P1-6] DEBUG (LocalXPathQueryService.java [execute]:198) - query took 1 ms. 
2011-10-02 13:05:19,394 [P1-6] DEBUG (LocalXPathQueryService.java [execute]:198) - query took 0 ms. 
2011-10-02 13:05:19,662 [P1-6] DEBUG (LocalXPathQueryService.java [execute]:198) - query took 10 ms. 
2011-10-02 13:05:20,256 [P1-6] DEBUG (LocalXPathQueryService.java [execute]:198) - query took 1 ms. 
2011-10-02 13:05:29,512 [P1-6] DEBUG (LocalXPathQueryService.java [execute]:198) - query took 2 ms. 
2011-10-02 13:06:00,078 [P1-6] DEBUG (LocalXPathQueryService.java [execute]:198) - query took 7 ms. 
2011-10-02 13:06:00,081 [P1-6] DEBUG (LocalXPathQueryService.java [execute]:198) - query took 2 ms. 
2011-10-02 13:06:00,125 [P1-6] DEBUG (LocalXPathQueryService.java [execute]:198) - query took 1 ms. 
2011-10-02 13:06:00,177 [P1-6] DEBUG (LocalXPathQueryService.java [execute]:198) - query took 1 ms. 
2011-10-02 13:06:00,231 [P1-6] DEBUG (LocalXPathQueryService.java [execute]:198) - query took 1 ms. 
2011-10-02 13:06:00,286 [P1-6] DEBUG (LocalXPathQueryService.java [execute]:198) - query took 2 ms. 
2011-10-02 13:06:00,337 [P1-6] DEBUG (LocalXPathQueryService.java [execute]:198) - query took 2 ms. 
2011-10-02 13:06:00,390 [P1-6] DEBUG (LocalXPathQueryService.java [execute]:198) - query took 1 ms. 
2011-10-02 13:06:00,449 [P1-6] DEBUG (LocalXPathQueryService.java [execute]:198) - query took 1 ms. 
2011-10-02 13:06:00,500 [P1-6] DEBUG (LocalXPathQueryService.java [execute]:198) - query took 2 ms. 
2011-10-02 13:06:00,553 [P1-6] DEBUG (LocalXPathQueryService.java [execute]:198) - query took 0 ms. 
2011-10-02 13:06:00,607 [P1-6] DEBUG (LocalXPathQueryService.java [execute]:198) - query took 1 ms. 
2011-10-02 13:06:00,660 [P1-6] DEBUG (LocalXPathQueryService.java [execute]:198) - query took 2 ms. 
2011-10-02 13:06:00,711 [P1-6] DEBUG (LocalXPathQueryService.java [execute]:198) - query took 1 ms. 
2011-10-02 13:06:00,762 [P1-6] DEBUG (LocalXPathQueryService.java [execute]:198) - query took 1 ms. 
2011-10-02 13:06:00,829 [P1-6] DEBUG (LocalXPathQueryService.java [execute]:198) - query took 2 ms. 
2011-10-02 13:06:00,863 [P1-6] DEBUG (LocalXPathQueryService.java [execute]:198) - query took 1 ms. 
2011-10-02 13:08:35,021 [P1-6] DEBUG (LocalXPathQueryService.java [execute]:198) - query took 85 ms. 
2011-10-02 13:08:35,023 [P1-6] DEBUG (LocalXPathQueryService.java [execute]:198) - query took 1 ms. 
2011-10-02 13:08:36,044 [P1-6] DEBUG (LocalXPathQueryService.java [execute]:198) - query took 1 ms. 
2011-10-02 13:08:36,046 [P1-6] DEBUG (LocalXPathQueryService.java [execute]:198) - query took 1 ms. 
2011-10-02 13:08:36,254 [P1-6] DEBUG (LocalXPathQueryService.java [execute]:198) - query took 1 ms. 
2011-10-02 13:08:36,266 [P1-6] DEBUG (LocalXPathQueryService.java [execute]:198) - query took 11 ms. 
2011-10-02 13:09:38,308 [P1-6] DEBUG (LocalXPathQueryService.java [execute]:198) - query took 2 ms. 
2011-10-02 13:09:39,175 [P1-6] DEBUG (LocalXPathQueryService.java [execute]:198) - query took 1 ms. 
2011-10-02 13:09:39,355 [P1-6] DEBUG (LocalXPathQueryService.java [execute]:198) - query took 2 ms. 
2011-10-02 13:09:51,821 [P1-6] DEBUG (LocalXPathQueryService.java [execute]:198) - query took 2 ms. 
2011-10-02 13:10:00,424 [P1-6] DEBUG (LocalXPathQueryService.java [execute]:198) - query took 2 ms. 
2011-10-02 13:10:00,426 [P1-6] DEBUG (LocalXPathQueryService.java [execute]:198) - query took 1 ms. 
2011-10-02 13:10:02,821 [P1-6] DEBUG (LocalXPathQueryService.java [execute]:198) - query took 1 ms. 
2011-10-02 13:10:02,823 [P1-6] DEBUG (LocalXPathQueryService.java [execute]:198) - query took 1 ms. 
2011-10-02 13:10:10,112 [P1-6] DEBUG (LocalXPathQueryService.java [execute]:198) - query took 2 ms. 
2011-10-02 13:10:10,114 [P1-6] DEBUG (LocalXPathQueryService.java [execute]:198) - query took 2 ms. 
2011-10-02 13:10:10,951 [P1-6] DEBUG (LocalXPathQueryService.java [execute]:198) - query took 1 ms. 
2011-10-02 13:10:10,953 [P1-6] DEBUG (LocalXPathQueryService.java [execute]:198) - query took 1 ms. 
2011-10-02 13:10:11,326 [P1-6] DEBUG (LocalXPathQueryService.java [execute]:198) - query took 1 ms. 
2011-10-02 13:10:11,328 [P1-6] DEBUG (LocalXPathQueryService.java [execute]:198) - query took 1 ms. 
2011-10-02 13:10:11,506 [P1-6] DEBUG (LocalXPathQueryService.java [execute]:198) - query took 1 ms. 
2011-10-02 13:10:11,508 [P1-6] DEBUG (LocalXPathQueryService.java [execute]:198) - query took 2 ms. 
2011-10-02 13:10:11,671 [P1-6] DEBUG (LocalXPathQueryService.java [execute]:198) - query took 1 ms. 
2011-10-02 13:10:11,673 [P1-6] DEBUG (LocalXPathQueryService.java [execute]:198) - query took 2 ms. 
2011-10-02 13:11:12,479 [P1-6] DEBUG (LocalXPathQueryService.java [execute]:198) - query took 2 ms. 
2011-10-02 13:11:25,654 [P1-6] DEBUG (LocalXPathQueryService.java [execute]:198) - query took 2 ms. 
2011-10-02 13:11:25,657 [P1-6] DEBUG (LocalXPathQueryService.java [execute]:198) - query took 2 ms. 
2011-10-02 13:13:05,138 [P1-6] DEBUG (LocalXPathQueryService.java [execute]:198) - query took 3 ms. 
2011-10-02 13:13:05,140 [P1-6] DEBUG (LocalXPathQueryService.java [execute]:198) - query took 1 ms. 
2011-10-02 13:13:05,593 [P1-6] DEBUG (LocalXPathQueryService.java [execute]:198) - query took 2 ms. 
2011-10-02 13:13:05,595 [P1-6] DEBUG (LocalXPathQueryService.java [execute]:198) - query took 2 ms. 
2011-10-02 13:13:06,155 [P1-6] DEBUG (LocalXPathQueryService.java [execute]:198) - query took 1 ms. 
2011-10-02 13:13:06,157 [P1-6] DEBUG (LocalXPathQueryService.java [execute]:198) - query took 1 ms. 
2011-10-02 13:13:06,342 [P1-6] DEBUG (LocalXPathQueryService.java [execute]:198) - query took 1 ms. 
2011-10-02 13:13:06,344 [P1-6] DEBUG (LocalXPathQueryService.java [execute]:198) - query took 1 ms. 
2011-10-02 13:13:06,522 [P1-6] DEBUG (LocalXPathQueryService.java [execute]:198) - query took 1 ms. 
2011-10-02 13:13:06,524 [P1-6] DEBUG (LocalXPathQueryService.java [execute]:198) - query took 1 ms. 
2011-10-02 13:14:02,475 [P1-6] DEBUG (LocalXPathQueryService.java [execute]:198) - query took 7 ms. 
2011-10-02 13:14:02,478 [P1-6] DEBUG (LocalXPathQueryService.java [execute]:198) - query took 2 ms. 
2011-10-02 13:14:03,306 [P1-6] DEBUG (LocalXPathQueryService.java [execute]:198) - query took 1 ms. 
2011-10-02 13:14:03,308 [P1-6] DEBUG (LocalXPathQueryService.java [execute]:198) - query took 1 ms. 
2011-10-02 13:14:03,501 [P1-6] DEBUG (LocalXPathQueryService.java [execute]:198) - query took 0 ms. 
2011-10-02 13:14:03,504 [P1-6] DEBUG (LocalXPathQueryService.java [execute]:198) - query took 2 ms. 
2011-10-02 13:14:03,710 [P1-6] DEBUG (LocalXPathQueryService.java [execute]:198) - query took 1 ms. 
2011-10-02 13:14:03,712 [P1-6] DEBUG (LocalXPathQueryService.java [execute]:198) - query took 1 ms. 
2011-10-02 13:14:04,078 [P1-6] DEBUG (LocalXPathQueryService.java [execute]:198) - query took 1 ms. 
2011-10-02 13:14:04,080 [P1-6] DEBUG (LocalXPathQueryService.java [execute]:198) - query took 1 ms. 
2011-10-02 13:14:04,536 [P1-6] DEBUG (LocalXPathQueryService.java [execute]:198) - query took 1 ms. 
2011-10-02 13:14:04,538 [P1-6] DEBUG (LocalXPathQueryService.java [execute]:198) - query took 2 ms. 
2011-10-02 13:14:35,379 [P1-6] DEBUG (LocalXPathQueryService.java [execute]:198) - query took 1 ms. 
2011-10-02 13:14:35,382 [P1-6] DEBUG (LocalXPathQueryService.java [execute]:198) - query took 2 ms. 
2011-10-02 13:14:36,352 [P1-6] DEBUG (LocalXPathQueryService.java [execute]:198) - query took 1 ms. 
2011-10-02 13:14:36,354 [P1-6] DEBUG (LocalXPathQueryService.java [execute]:198) - query took 1 ms. 
2011-10-02 13:15:26,015 [P1-6] DEBUG (LocalXPathQueryService.java [execute]:198) - query took 2 ms. 
2011-10-02 13:15:26,017 [P1-6] DEBUG (LocalXPathQueryService.java [execute]:198) - query took 1 ms. 
2011-10-02 13:15:26,716 [P1-6] DEBUG (LocalXPathQueryService.java [execute]:198) - query took 1 ms. 
2011-10-02 13:15:26,718 [P1-6] DEBUG (LocalXPathQueryService.java [execute]:198) - query took 1 ms. 
2011-10-02 13:15:27,218 [P1-6] DEBUG (LocalXPathQueryService.java [execute]:198) - query took 1 ms. 
2011-10-02 13:15:27,220 [P1-6] DEBUG (LocalXPathQueryService.java [execute]:198) - query took 1 ms. 
2011-10-02 13:15:27,428 [P1-6] DEBUG (LocalXPathQueryService.java [execute]:198) - query took 0 ms. 
2011-10-02 13:15:27,431 [P1-6] DEBUG (LocalXPathQueryService.java [execute]:198) - query took 2 ms. 
2011-10-02 13:15:27,963 [P1-6] DEBUG (LocalXPathQueryService.java [execute]:198) - query took 1 ms. 
2011-10-02 13:15:27,965 [P1-6] DEBUG (LocalXPathQueryService.java [execute]:198) - query took 1 ms. 
2011-10-02 13:15:34,997 [P1-6] DEBUG (LocalXPathQueryService.java [execute]:198) - query took 1 ms. 
2011-10-02 13:15:35,000 [P1-6] DEBUG (LocalXPathQueryService.java [execute]:198) - query took 2 ms. 
2011-10-02 13:16:26,304 [P1-9] DEBUG (LocalXPathQueryService.java [execute]:198) - query took 16 ms. 
2011-10-02 13:16:26,304 [P1-9] DEBUG (LocalXPathQueryService.java [execute]:198) - query took 0 ms. 
2011-10-02 13:16:27,121 [P1-9] DEBUG (LocalXPathQueryService.java [execute]:198) - query took 1 ms. 
2011-10-02 13:16:27,123 [P1-9] DEBUG (LocalXPathQueryService.java [execute]:198) - query took 1 ms. 
2011-10-02 13:16:27,548 [P1-9] DEBUG (LocalXPathQueryService.java [execute]:198) - query took 0 ms. 
2011-10-02 13:16:27,551 [P1-9] DEBUG (LocalXPathQueryService.java [execute]:198) - query took 2 ms. 
2011-10-02 13:16:27,706 [P1-9] DEBUG (LocalXPathQueryService.java [execute]:198) - query took 1 ms. 
2011-10-02 13:16:27,708 [P1-9] DEBUG (LocalXPathQueryService.java [execute]:198) - query took 1 ms. 
2011-10-02 13:16:27,879 [P1-9] DEBUG (LocalXPathQueryService.java [execute]:198) - query took 1 ms. 
2011-10-02 13:16:27,881 [P1-9] DEBUG (LocalXPathQueryService.java [execute]:198) - query took 1 ms. 
2011-10-02 13:16:35,051 [P1-9] DEBUG (LocalXPathQueryService.java [execute]:198) - query took 1 ms. 
2011-10-02 13:16:43,961 [P1-9] DEBUG (LocalXPathQueryService.java [execute]:198) - query took 1 ms. 
2011-10-02 13:16:43,963 [P1-9] DEBUG (LocalXPathQueryService.java [execute]:198) - query took 1 ms. 
2011-10-02 13:20:22,666 [P1-9] DEBUG (LocalXPathQueryService.java [execute]:198) - query took 0 ms. 
2011-10-02 13:20:22,676 [P1-9] DEBUG (LocalXPathQueryService.java [execute]:198) - query took 0 ms. 
2011-10-02 13:20:23,421 [P1-9] DEBUG (LocalXPathQueryService.java [execute]:198) - query took 1 ms. 
2011-10-02 13:20:23,423 [P1-9] DEBUG (LocalXPathQueryService.java [execute]:198) - query took 1 ms. 
2011-10-02 20:40:44,351 [P1-9] DEBUG (LocalXPathQueryService.java [execute]:198) - query took 3 ms. 
2011-10-02 20:40:44,358 [P1-9] DEBUG (LocalXPathQueryService.java [execute]:198) - query took 5 ms. 
2011-10-02 20:40:47,494 [P1-9] DEBUG (LocalXPathQueryService.java [execute]:198) - query took 3 ms. 
2011-10-02 20:40:47,499 [P1-9] DEBUG (LocalXPathQueryService.java [execute]:198) - query took 3 ms. 
2011-10-02 20:40:48,339 [P1-9] DEBUG (LocalXPathQueryService.java [execute]:198) - query took 2 ms. 
2011-10-02 20:40:48,345 [P1-9] DEBUG (LocalXPathQueryService.java [execute]:198) - query took 3 ms. 
2011-10-02 21:22:01,062 [P1-9] DEBUG (LocalXPathQueryService.java [execute]:198) - query took 255 ms. 
2011-10-02 21:22:01,509 [P1-6] DEBUG (LocalCollection.java [storeResource]:647) - storing document existdb_user.xml 
2011-10-02 21:22:01,562 [P1-6] DEBUG (LocalXPathQueryService.java [execute]:198) - query took 753 ms. 
2011-10-02 21:22:01,584 [P1-6] DEBUG (LocalXPathQueryService.java [execute]:198) - query took 20 ms. 
2011-10-02 21:22:06,616 [P1-6] DEBUG (LocalXPathQueryService.java [execute]:198) - query took 12 ms. 
2011-10-02 21:22:09,434 [P1-6] DEBUG (LocalXPathQueryService.java [execute]:198) - query took 20 ms. 
2011-10-02 21:22:12,696 [P1-6] DEBUG (LocalXPathQueryService.java [execute]:198) - query took 32 ms. 
2011-10-02 21:22:31,085 [P1-6] DEBUG (LocalXPathQueryService.java [execute]:198) - query took 19 ms. 
2011-10-02 21:22:34,590 [P1-6] DEBUG (LocalXPathQueryService.java [execute]:198) - query took 15 ms. 
2011-10-02 21:22:37,592 [P1-6] DEBUG (LocalXPathQueryService.java [execute]:198) - query took 26 ms. 
2011-10-02 21:22:41,245 [P1-6] DEBUG (LocalXPathQueryService.java [execute]:198) - query took 16 ms. 
2011-10-02 21:22:44,490 [P1-6] DEBUG (LocalXPathQueryService.java [execute]:198) - query took 17 ms. 
2011-10-02 21:22:50,887 [P1-6] DEBUG (LocalXPathQueryService.java [execute]:198) - query took 17 ms. 
2011-10-02 21:22:53,948 [P1-6] DEBUG (LocalXPathQueryService.java [execute]:198) - query took 14 ms. 
2011-10-02 21:22:59,137 [P1-6] DEBUG (LocalXPathQueryService.java [execute]:198) - query took 17 ms. 
2011-10-02 21:23:07,150 [P1-6] DEBUG (LocalXPathQueryService.java [execute]:198) - query took 15 ms. 
2011-10-02 21:23:16,549 [P1-6] DEBUG (LocalXPathQueryService.java [execute]:198) - query took 18 ms. 
2011-10-02 21:23:27,177 [P1-6] DEBUG (LocalXPathQueryService.java [execute]:198) - query took 16 ms. 
2011-10-02 21:23:53,817 [P1-6] DEBUG (LocalXPathQueryService.java [execute]:198) - query took 35 ms. 
2011-10-02 21:23:56,926 [P1-6] DEBUG (LocalXPathQueryService.java [execute]:198) - query took 14 ms. 
2011-10-02 21:24:00,742 [P1-6] DEBUG (LocalXPathQueryService.java [execute]:198) - query took 16 ms. 
2011-10-02 21:24:05,365 [P1-6] DEBUG (LocalXPathQueryService.java [execute]:198) - query took 14 ms. 
2011-10-02 21:24:07,582 [P1-6] DEBUG (LocalXPathQueryService.java [execute]:198) - query took 30 ms. 
2011-10-02 21:24:15,935 [P1-6] DEBUG (LocalXPathQueryService.java [execute]:198) - query took 16 ms. 
2011-10-02 21:26:05,980 [P1-6] DEBUG (LocalXPathQueryService.java [execute]:198) - query took 15 ms. 
2011-10-02 21:26:08,767 [P1-6] DEBUG (LocalXPathQueryService.java [execute]:198) - query took 18 ms. 
2011-10-02 21:26:32,055 [P1-6] DEBUG (LocalXPathQueryService.java [execute]:198) - query took 17 ms. 
2011-10-02 21:30:59,941 [P1-6] DEBUG (LocalCollection.java [storeResource]:647) - storing document ddi3_1.xsl 
2011-10-02 21:31:00,000 [P1-6] DEBUG (LocalXPathQueryService.java [execute]:198) - query took 70 ms. 
2011-10-02 21:31:18,288 [P1-6] DEBUG (LocalXPathQueryService.java [execute]:198) - query took 32 ms. 
2011-10-02 21:31:28,471 [P1-6] DEBUG (LocalCollection.java [storeResource]:654) - storing binary resource ddi.css 
2011-10-02 21:31:28,503 [P1-6] DEBUG (LocalXPathQueryService.java [execute]:198) - query took 32 ms. 
2011-10-02 21:32:10,043 [P1-6] DEBUG (LocalXPathQueryService.java [execute]:198) - query took 21 ms. 
2011-10-02 21:32:12,238 [P1-6] DEBUG (LocalXPathQueryService.java [execute]:198) - query took 10 ms. 
2011-10-02 21:32:21,682 [P1-6] DEBUG (LocalCollection.java [storeResource]:654) - storing binary resource variable.png 
2011-10-02 21:32:21,697 [P1-6] DEBUG (LocalXPathQueryService.java [execute]:198) - query took 31 ms. 
2011-10-02 21:32:34,603 [P1-6] DEBUG (LocalCollection.java [storeResource]:654) - storing binary resource question-in-study.png 
2011-10-02 21:32:34,621 [P1-6] DEBUG (LocalXPathQueryService.java [execute]:198) - query took 27 ms. 
2011-10-02 21:32:39,700 [P1-6] DEBUG (LocalCollection.java [storeResource]:654) - storing binary resource question.png 
2011-10-02 21:32:39,720 [P1-6] DEBUG (LocalXPathQueryService.java [execute]:198) - query took 30 ms. 
2011-10-02 21:32:45,736 [P1-6] DEBUG (LocalCollection.java [storeResource]:654) - storing binary resource pdf.png 
2011-10-02 21:32:45,753 [P1-6] DEBUG (LocalXPathQueryService.java [execute]:198) - query took 27 ms. 
2011-10-02 21:32:52,005 [P1-6] DEBUG (LocalCollection.java [storeResource]:654) - storing binary resource input.png 
2011-10-02 21:32:52,033 [P1-6] DEBUG (LocalXPathQueryService.java [execute]:198) - query took 37 ms. 
2011-10-02 21:32:57,211 [P1-6] DEBUG (LocalCollection.java [storeResource]:654) - storing binary resource html.png 
2011-10-02 21:32:57,226 [P1-6] DEBUG (LocalXPathQueryService.java [execute]:198) - query took 23 ms. 
2011-10-02 21:33:04,746 [P1-6] DEBUG (LocalCollection.java [storeResource]:654) - storing binary resource code-scheme.png 
2011-10-02 21:33:04,779 [P1-6] DEBUG (LocalXPathQueryService.java [execute]:198) - query took 43 ms. 
2011-10-02 21:40:15,693 [P1-6] DEBUG (LocalXPathQueryService.java [execute]:198) - query took 31 ms. 
2011-10-02 21:53:42,700 [P1-6] DEBUG (LocalXPathQueryService.java [execute]:198) - query took 346 ms. 
2011-10-02 21:53:42,981 [P1-9] DEBUG (LocalCollection.java [storeResource]:647) - storing document existdb_user.xml 
2011-10-02 21:53:43,012 [P1-9] DEBUG (LocalXPathQueryService.java [execute]:198) - query took 656 ms. 
2011-10-02 21:53:43,051 [P1-9] DEBUG (LocalXPathQueryService.java [execute]:198) - query took 23 ms. 
2011-10-02 21:53:47,397 [P1-9] DEBUG (LocalXPathQueryService.java [execute]:198) - query took 78 ms. 
2011-10-02 21:53:49,397 [P1-6] DEBUG (LocalXPathQueryService.java [execute]:198) - query took 3 ms. 
2011-10-02 21:53:51,513 [P1-8] DEBUG (LocalXPathQueryService.java [execute]:198) - query took 1 ms. 
2011-10-02 21:54:01,358 [P1-6] DEBUG (LocalXPathQueryService.java [execute]:198) - query took 1 ms. 
2011-10-02 21:54:24,665 [P1-6] DEBUG (LocalXPathQueryService.java [execute]:198) - query took 3 ms. 
2011-10-02 21:54:24,879 [P1-6] DEBUG (LocalXPathQueryService.java [execute]:198) - query took 5 ms. 
2011-10-02 21:55:45,333 [P1-6] DEBUG (LocalXPathQueryService.java [execute]:198) - query took 16 ms. 
2011-10-02 21:55:45,442 [P1-6] DEBUG (LocalXPathQueryService.java [execute]:198) - query took 0 ms. 
2011-10-02 21:56:06,436 [P1-6] DEBUG (LocalXPathQueryService.java [execute]:198) - query took 105 ms. 
2011-10-02 21:56:07,385 [P1-6] DEBUG (LocalXPathQueryService.java [execute]:198) - query took 9 ms. 
2011-10-02 21:56:07,987 [P1-6] DEBUG (LocalXPathQueryService.java [execute]:198) - query took 7 ms. 
2011-10-02 21:56:08,664 [P1-6] DEBUG (LocalXPathQueryService.java [execute]:198) - query took 7 ms. 
2011-10-02 21:56:12,941 [P1-6] DEBUG (LocalXPathQueryService.java [execute]:198) - query took 8 ms. 
2011-10-02 21:56:20,339 [P1-6] DEBUG (LocalXPathQueryService.java [execute]:198) - query took 2 ms. 
2011-10-02 22:10:47,497 [P1-6] DEBUG (LocalXPathQueryService.java [execute]:198) - query took 5 ms. 
2011-10-02 22:10:49,267 [P1-6] DEBUG (LocalXPathQueryService.java [execute]:198) - query took 15 ms. 
2011-10-02 22:10:49,273 [P1-6] DEBUG (LocalXPathQueryService.java [execute]:198) - query took 4 ms. 
2011-10-02 22:10:49,332 [P1-6] DEBUG (LocalXPathQueryService.java [execute]:198) - query took 31 ms. 
2011-10-02 22:11:53,747 [P1-6] DEBUG (LocalXPathQueryService.java [execute]:198) - query took 0 ms. 
2011-10-02 22:11:53,763 [P1-6] DEBUG (LocalXPathQueryService.java [execute]:198) - query took 16 ms. 
2011-10-02 22:11:53,810 [P1-6] DEBUG (LocalXPathQueryService.java [execute]:198) - query took 16 ms. 
2011-10-02 22:11:55,285 [P1-6] DEBUG (LocalXPathQueryService.java [execute]:198) - query took 0 ms. 
2011-10-02 22:11:55,285 [P1-6] DEBUG (LocalXPathQueryService.java [execute]:198) - query took 0 ms. 
2011-10-02 22:11:55,325 [P1-6] DEBUG (LocalXPathQueryService.java [execute]:198) - query took 2 ms. 
2011-10-02 22:21:42,341 [P1-6] DEBUG (LocalXPathQueryService.java [execute]:198) - query took 4 ms. 
2011-10-02 22:21:51,355 [P1-6] DEBUG (LocalXPathQueryService.java [execute]:198) - query took 7 ms. 
2011-10-02 22:21:53,198 [P1-6] DEBUG (LocalXPathQueryService.java [execute]:198) - query took 3 ms. 
2011-10-02 22:21:53,892 [P1-6] DEBUG (LocalXPathQueryService.java [execute]:198) - query took 4 ms. 
2011-10-02 22:21:54,571 [P1-6] DEBUG (LocalXPathQueryService.java [execute]:198) - query took 3 ms. 
2011-10-02 22:21:54,770 [P1-6] DEBUG (LocalXPathQueryService.java [execute]:198) - query took 4 ms. 
2011-10-02 22:21:54,951 [P1-6] DEBUG (LocalXPathQueryService.java [execute]:198) - query took 3 ms. 
2011-10-02 22:22:04,036 [P1-6] DEBUG (LocalXPathQueryService.java [execute]:198) - query took 14 ms. 
2011-10-02 22:22:04,043 [P1-6] DEBUG (LocalXPathQueryService.java [execute]:198) - query took 4 ms. 
2011-10-02 22:22:04,076 [P1-6] DEBUG (LocalXPathQueryService.java [execute]:198) - query took 3 ms. 
2011-10-02 22:22:04,129 [P1-6] DEBUG (LocalXPathQueryService.java [execute]:198) - query took 3 ms. 
2011-10-02 22:22:04,183 [P1-6] DEBUG (LocalXPathQueryService.java [execute]:198) - query took 4 ms. 
2011-10-02 22:22:04,239 [P1-6] DEBUG (LocalXPathQueryService.java [execute]:198) - query took 3 ms. 
2011-10-02 22:22:04,292 [P1-6] DEBUG (LocalXPathQueryService.java [execute]:198) - query took 3 ms. 
2011-10-02 22:22:04,346 [P1-6] DEBUG (LocalXPathQueryService.java [execute]:198) - query took 4 ms. 
2011-10-02 22:22:04,401 [P1-6] DEBUG (LocalXPathQueryService.java [execute]:198) - query took 4 ms. 
2011-10-02 22:22:04,454 [P1-6] DEBUG (LocalXPathQueryService.java [execute]:198) - query took 3 ms. 
2011-10-02 22:22:04,507 [P1-6] DEBUG (LocalXPathQueryService.java [execute]:198) - query took 4 ms. 
2011-10-02 22:22:04,560 [P1-6] DEBUG (LocalXPathQueryService.java [execute]:198) - query took 4 ms. 
2011-10-02 22:22:04,612 [P1-6] DEBUG (LocalXPathQueryService.java [execute]:198) - query took 4 ms. 
2011-10-02 22:22:04,665 [P1-6] DEBUG (LocalXPathQueryService.java [execute]:198) - query took 4 ms. 
2011-10-02 22:22:04,718 [P1-6] DEBUG (LocalXPathQueryService.java [execute]:198) - query took 4 ms. 
2011-10-02 22:22:04,771 [P1-6] DEBUG (LocalXPathQueryService.java [execute]:198) - query took 3 ms. 
2011-10-02 22:22:04,824 [P1-6] DEBUG (LocalXPathQueryService.java [execute]:198) - query took 4 ms. 
2011-10-02 22:22:19,149 [P1-6] DEBUG (LocalXPathQueryService.java [execute]:198) - query took 3 ms. 
2011-10-02 22:22:19,156 [P1-6] DEBUG (LocalXPathQueryService.java [execute]:198) - query took 4 ms. 
2011-10-02 22:22:19,200 [P1-6] DEBUG (LocalXPathQueryService.java [execute]:198) - query took 4 ms. 
2011-10-02 22:22:40,620 [P1-6] DEBUG (LocalXPathQueryService.java [execute]:198) - query took 14 ms. 
2011-10-02 22:22:40,626 [P1-6] DEBUG (LocalXPathQueryService.java [execute]:198) - query took 4 ms. 
2011-10-02 22:22:40,661 [P1-6] DEBUG (LocalXPathQueryService.java [execute]:198) - query took 4 ms. 
2011-10-02 22:22:40,713 [P1-6] DEBUG (LocalXPathQueryService.java [execute]:198) - query took 4 ms. 
2011-10-02 22:22:40,766 [P1-6] DEBUG (LocalXPathQueryService.java [execute]:198) - query took 4 ms. 
2011-10-02 22:22:40,818 [P1-6] DEBUG (LocalXPathQueryService.java [execute]:198) - query took 3 ms. 
2011-10-02 22:22:40,872 [P1-6] DEBUG (LocalXPathQueryService.java [execute]:198) - query took 4 ms. 
2011-10-02 22:22:40,925 [P1-6] DEBUG (LocalXPathQueryService.java [execute]:198) - query took 4 ms. 
2011-10-02 22:22:40,967 [P1-6] DEBUG (LocalXPathQueryService.java [execute]:198) - query took 0 ms. 
2011-10-02 22:22:41,029 [P1-6] DEBUG (LocalXPathQueryService.java [execute]:198) - query took 0 ms. 
2011-10-02 22:22:41,091 [P1-6] DEBUG (LocalXPathQueryService.java [execute]:198) - query took 0 ms. 
2011-10-02 22:22:41,154 [P1-6] DEBUG (LocalXPathQueryService.java [execute]:198) - query took 0 ms. 
2011-10-02 22:22:41,216 [P1-6] DEBUG (LocalXPathQueryService.java [execute]:198) - query took 0 ms. 
2011-10-02 22:22:41,292 [P1-6] DEBUG (LocalXPathQueryService.java [execute]:198) - query took 4 ms. 
2011-10-02 22:22:41,343 [P1-6] DEBUG (LocalXPathQueryService.java [execute]:198) - query took 4 ms. 
2011-10-02 22:22:41,397 [P1-6] DEBUG (LocalXPathQueryService.java [execute]:198) - query took 3 ms. 
2011-10-02 22:22:41,449 [P1-6] DEBUG (LocalXPathQueryService.java [execute]:198) - query took 4 ms. 
2011-10-02 22:23:05,207 [P1-6] DEBUG (LocalXPathQueryService.java [execute]:198) - query took 3 ms. 
2011-10-02 22:23:05,214 [P1-6] DEBUG (LocalXPathQueryService.java [execute]:198) - query took 5 ms. 
2011-10-02 22:23:05,261 [P1-6] DEBUG (LocalXPathQueryService.java [execute]:198) - query took 4 ms. 
2011-10-02 22:23:13,976 [P1-6] DEBUG (LocalXPathQueryService.java [execute]:198) - query took 2 ms. 
2011-10-02 22:23:13,981 [P1-6] DEBUG (LocalXPathQueryService.java [execute]:198) - query took 3 ms. 
2011-10-02 22:23:14,027 [P1-6] DEBUG (LocalXPathQueryService.java [execute]:198) - query took 3 ms. 
2011-10-02 22:24:19,378 [P1-6] DEBUG (LocalXPathQueryService.java [execute]:198) - query took 3 ms. 
2011-10-02 22:24:19,385 [P1-6] DEBUG (LocalXPathQueryService.java [execute]:198) - query took 5 ms. 
2011-10-02 22:24:19,423 [P1-6] DEBUG (LocalXPathQueryService.java [execute]:198) - query took 4 ms. 
2011-10-02 22:25:06,524 [P1-6] DEBUG (LocalXPathQueryService.java [execute]:198) - query took 6 ms. 
2011-10-02 22:25:06,530 [P1-6] DEBUG (LocalXPathQueryService.java [execute]:198) - query took 4 ms. 
2011-10-02 22:25:13,431 [P1-6] DEBUG (LocalXPathQueryService.java [execute]:198) - query took 35 ms. 
2011-10-02 22:25:13,437 [P1-6] DEBUG (LocalXPathQueryService.java [execute]:198) - query took 4 ms. 
2011-10-02 22:25:13,503 [P1-6] DEBUG (LocalXPathQueryService.java [execute]:198) - query took 5 ms. 
2011-10-02 22:25:13,554 [P1-6] DEBUG (LocalXPathQueryService.java [execute]:198) - query took 4 ms. 
2011-10-02 22:30:24,078 [P1-6] DEBUG (LocalXPathQueryService.java [execute]:198) - query took 93 ms. 
2011-10-02 22:30:24,078 [P1-6] DEBUG (LocalXPathQueryService.java [execute]:198) - query took 0 ms. 
2011-10-02 22:30:24,094 [P1-6] DEBUG (LocalXPathQueryService.java [execute]:198) - query took 0 ms. 
2011-10-02 22:30:24,172 [P1-6] DEBUG (LocalXPathQueryService.java [execute]:198) - query took 0 ms. 
2011-10-02 22:30:24,234 [P1-6] DEBUG (LocalXPathQueryService.java [execute]:198) - query took 15 ms. 
2011-10-02 22:30:24,297 [P1-6] DEBUG (LocalXPathQueryService.java [execute]:198) - query took 0 ms. 
2011-10-02 22:30:24,369 [P1-6] DEBUG (LocalXPathQueryService.java [execute]:198) - query took 14 ms. 
2011-10-02 22:30:24,416 [P1-6] DEBUG (LocalXPathQueryService.java [execute]:198) - query took 2 ms. 
2011-10-02 22:30:24,473 [P1-6] DEBUG (LocalXPathQueryService.java [execute]:198) - query took 7 ms. 
2011-10-02 22:30:24,523 [P1-6] DEBUG (LocalXPathQueryService.java [execute]:198) - query took 2 ms. 
2011-10-02 22:30:24,579 [P1-6] DEBUG (LocalXPathQueryService.java [execute]:198) - query took 7 ms. 
2011-10-02 22:30:24,640 [P1-6] DEBUG (LocalXPathQueryService.java [execute]:198) - query took 13 ms. 
2011-10-02 22:30:24,701 [P1-6] DEBUG (LocalXPathQueryService.java [execute]:198) - query took 16 ms. 
2011-10-02 22:30:24,750 [P1-6] DEBUG (LocalXPathQueryService.java [execute]:198) - query took 6 ms. 
2011-10-02 22:30:24,800 [P1-6] DEBUG (LocalXPathQueryService.java [execute]:198) - query took 2 ms. 
2011-10-02 22:30:24,864 [P1-6] DEBUG (LocalXPathQueryService.java [execute]:198) - query took 15 ms. 
2011-10-02 22:30:24,924 [P1-6] DEBUG (LocalXPathQueryService.java [execute]:198) - query took 16 ms. 
2011-10-02 22:30:24,982 [P1-6] DEBUG (LocalXPathQueryService.java [execute]:198) - query took 15 ms. 
2011-10-02 22:30:25,027 [P1-6] DEBUG (LocalXPathQueryService.java [execute]:198) - query took 1 ms. 
2011-10-02 22:30:25,088 [P1-6] DEBUG (LocalXPathQueryService.java [execute]:198) - query took 13 ms. 
2011-10-02 22:30:25,137 [P1-6] DEBUG (LocalXPathQueryService.java [execute]:198) - query took 2 ms. 
2011-10-02 22:30:25,190 [P1-6] DEBUG (LocalXPathQueryService.java [execute]:198) - query took 5 ms. 
2011-10-02 22:34:14,057 [P1-6] DEBUG (LocalXPathQueryService.java [execute]:198) - query took 3 ms. 
2011-10-02 22:34:14,065 [P1-6] DEBUG (LocalXPathQueryService.java [execute]:198) - query took 5 ms. 
2011-10-02 22:34:14,106 [P1-6] DEBUG (LocalXPathQueryService.java [execute]:198) - query took 4 ms. 
2011-10-02 22:34:22,150 [P1-6] DEBUG (LocalXPathQueryService.java [execute]:198) - query took 15 ms. 
2011-10-02 22:34:22,150 [P1-6] DEBUG (LocalXPathQueryService.java [execute]:198) - query took 0 ms. 
2011-10-02 22:34:22,197 [P1-6] DEBUG (LocalXPathQueryService.java [execute]:198) - query took 0 ms. 
2011-10-02 22:34:22,259 [P1-6] DEBUG (LocalXPathQueryService.java [execute]:198) - query took 0 ms. 
2011-10-02 22:34:34,335 [P1-6] DEBUG (LocalXPathQueryService.java [execute]:198) - query took 7 ms. 
2011-10-02 22:34:34,341 [P1-6] DEBUG (LocalXPathQueryService.java [execute]:198) - query took 3 ms. 
2011-10-02 22:34:34,387 [P1-6] DEBUG (LocalXPathQueryService.java [execute]:198) - query took 4 ms. 
2011-10-02 22:34:34,440 [P1-6] DEBUG (LocalXPathQueryService.java [execute]:198) - query took 4 ms. 
2011-10-02 22:34:35,609 [P1-6] DEBUG (LocalXPathQueryService.java [execute]:198) - query took 4 ms. 
2011-10-02 22:34:35,614 [P1-6] DEBUG (LocalXPathQueryService.java [execute]:198) - query took 3 ms. 
2011-10-02 22:34:35,658 [P1-6] DEBUG (LocalXPathQueryService.java [execute]:198) - query took 3 ms. 
2011-10-02 22:34:35,711 [P1-6] DEBUG (LocalXPathQueryService.java [execute]:198) - query took 4 ms. 
2011-10-02 22:34:36,359 [P1-6] DEBUG (LocalXPathQueryService.java [execute]:198) - query took 4 ms. 
2011-10-02 22:34:36,364 [P1-6] DEBUG (LocalXPathQueryService.java [execute]:198) - query took 3 ms. 
2011-10-02 22:34:36,401 [P1-6] DEBUG (LocalXPathQueryService.java [execute]:198) - query took 4 ms. 
2011-10-02 22:34:36,453 [P1-6] DEBUG (LocalXPathQueryService.java [execute]:198) - query took 4 ms. 
2011-10-02 22:35:54,023 [P1-6] DEBUG (LocalXPathQueryService.java [execute]:198) - query took 16 ms. 
2011-10-02 22:35:54,023 [P1-6] DEBUG (LocalXPathQueryService.java [execute]:198) - query took 0 ms. 
2011-10-02 22:35:54,069 [P1-6] DEBUG (LocalXPathQueryService.java [execute]:198) - query took 0 ms. 
2011-10-02 22:35:58,179 [P1-6] DEBUG (LocalXPathQueryService.java [execute]:198) - query took 3 ms. 
2011-10-02 22:35:58,184 [P1-6] DEBUG (LocalXPathQueryService.java [execute]:198) - query took 3 ms. 
2011-10-02 22:35:58,227 [P1-6] DEBUG (LocalXPathQueryService.java [execute]:198) - query took 2 ms. 
2011-10-02 22:36:13,804 [P1-6] DEBUG (LocalXPathQueryService.java [execute]:198) - query took 77 ms. 
2011-10-02 22:36:13,806 [P1-6] DEBUG (LocalXPathQueryService.java [execute]:198) - query took 1 ms. 
2011-10-02 22:36:13,825 [P1-6] DEBUG (LocalXPathQueryService.java [execute]:198) - query took 4 ms. 
2011-10-02 22:36:13,889 [P1-6] DEBUG (LocalXPathQueryService.java [execute]:198) - query took 5 ms. 
2011-10-02 22:36:13,948 [P1-6] DEBUG (LocalXPathQueryService.java [execute]:198) - query took 10 ms. 
2011-10-02 22:36:13,992 [P1-6] DEBUG (LocalXPathQueryService.java [execute]:198) - query took 3 ms. 
2011-10-02 22:36:14,059 [P1-6] DEBUG (LocalXPathQueryService.java [execute]:198) - query took 12 ms. 
2011-10-02 22:36:14,106 [P1-6] DEBUG (LocalXPathQueryService.java [execute]:198) - query took 2 ms. 
2011-10-02 22:36:14,156 [P1-6] DEBUG (LocalXPathQueryService.java [execute]:198) - query took 4 ms. 
2011-10-02 22:36:14,209 [P1-6] DEBUG (LocalXPathQueryService.java [execute]:198) - query took 1 ms. 
2011-10-02 22:36:14,264 [P1-6] DEBUG (LocalXPathQueryService.java [execute]:198) - query took 5 ms. 
2011-10-02 22:36:14,322 [P1-6] DEBUG (LocalXPathQueryService.java [execute]:198) - query took 15 ms. 
2011-10-02 22:36:14,385 [P1-6] DEBUG (LocalXPathQueryService.java [execute]:198) - query took 16 ms. 
2011-10-02 22:36:14,447 [P1-6] DEBUG (LocalXPathQueryService.java [execute]:198) - query took 0 ms. 
2011-10-02 22:36:14,494 [P1-6] DEBUG (LocalXPathQueryService.java [execute]:198) - query took 0 ms. 
2011-10-02 22:36:14,565 [P1-6] DEBUG (LocalXPathQueryService.java [execute]:198) - query took 12 ms. 
2011-10-02 22:36:14,626 [P1-6] DEBUG (LocalXPathQueryService.java [execute]:198) - query took 13 ms. 
2011-10-02 22:36:14,683 [P1-6] DEBUG (LocalXPathQueryService.java [execute]:198) - query took 12 ms. 
2011-10-02 22:36:14,732 [P1-6] DEBUG (LocalXPathQueryService.java [execute]:198) - query took 2 ms. 
2011-10-02 22:36:14,786 [P1-6] DEBUG (LocalXPathQueryService.java [execute]:198) - query took 8 ms. 
2011-10-02 22:36:14,843 [P1-6] DEBUG (LocalXPathQueryService.java [execute]:198) - query took 2 ms. 
2011-10-02 22:36:14,897 [P1-6] DEBUG (LocalXPathQueryService.java [execute]:198) - query took 5 ms. 
2011-10-02 22:36:30,835 [P1-6] DEBUG (LocalXPathQueryService.java [execute]:198) - query took 0 ms. 
2011-10-02 22:37:07,392 [P1-6] DEBUG (LocalXPathQueryService.java [execute]:198) - query took 7 ms. 
2011-10-02 22:37:07,398 [P1-6] DEBUG (LocalXPathQueryService.java [execute]:198) - query took 4 ms. 
2011-10-02 22:37:07,438 [P1-6] DEBUG (LocalXPathQueryService.java [execute]:198) - query took 4 ms. 
2011-10-02 22:37:21,592 [P1-6] DEBUG (LocalXPathQueryService.java [execute]:198) - query took 9 ms. 
2011-10-02 22:37:21,596 [P1-6] DEBUG (LocalXPathQueryService.java [execute]:198) - query took 3 ms. 
2011-10-02 22:37:21,632 [P1-6] DEBUG (LocalXPathQueryService.java [execute]:198) - query took 2 ms. 
2011-10-02 22:37:21,695 [P1-6] DEBUG (LocalXPathQueryService.java [execute]:198) - query took 0 ms. 
2011-10-02 22:42:24,081 [P1-6] DEBUG (LocalXPathQueryService.java [execute]:198) - query took 8 ms. 
2011-10-02 22:42:24,088 [P1-6] DEBUG (LocalXPathQueryService.java [execute]:198) - query took 4 ms. 
2011-10-02 22:42:24,122 [P1-6] DEBUG (LocalXPathQueryService.java [execute]:198) - query took 2 ms. 
2011-10-02 22:42:24,174 [P1-6] DEBUG (LocalXPathQueryService.java [execute]:198) - query took 2 ms. 
2011-10-02 22:42:41,072 [P1-6] DEBUG (LocalXPathQueryService.java [execute]:198) - query took 7 ms. 
2011-10-02 22:42:41,078 [P1-6] DEBUG (LocalXPathQueryService.java [execute]:198) - query took 4 ms. 
2011-10-02 22:42:41,116 [P1-6] DEBUG (LocalXPathQueryService.java [execute]:198) - query took 2 ms. 
2011-10-02 22:42:41,168 [P1-6] DEBUG (LocalXPathQueryService.java [execute]:198) - query took 1 ms. 
2011-10-02 22:47:08,915 [P1-6] DEBUG (LocalXPathQueryService.java [execute]:198) - query took 4 ms. 
2011-10-02 22:47:24,987 [P1-6] DEBUG (LocalXPathQueryService.java [execute]:198) - query took 6 ms. 
2011-10-02 22:47:24,991 [P1-6] DEBUG (LocalXPathQueryService.java [execute]:198) - query took 2 ms. 
2011-10-02 22:47:25,023 [P1-6] DEBUG (LocalXPathQueryService.java [execute]:198) - query took 0 ms. 
2011-10-02 22:54:33,672 [P1-6] DEBUG (LocalXPathQueryService.java [execute]:198) - query took 274 ms. 
2011-10-02 22:54:34,048 [P1-4] DEBUG (LocalCollection.java [storeResource]:647) - storing document existdb_user.xml 
2011-10-02 22:54:34,092 [P1-4] DEBUG (LocalXPathQueryService.java [execute]:198) - query took 693 ms. 
2011-10-02 22:54:34,119 [P1-4] DEBUG (LocalXPathQueryService.java [execute]:198) - query took 25 ms. 
2011-10-02 22:54:35,944 [P1-4] DEBUG (LocalXPathQueryService.java [execute]:198) - query took 20 ms. 
2011-10-02 22:54:38,404 [P1-4] DEBUG (LocalXPathQueryService.java [execute]:198) - query took 16 ms. 
2011-10-02 22:54:40,793 [P1-4] DEBUG (LocalXPathQueryService.java [execute]:198) - query took 37 ms. 
2011-10-02 22:54:42,949 [Timer-0] INFO  (JettyStart.java [shutdown]:241) - Database shutdown: stopping server in 1sec ... 
